[2m2025-02-28T00:32:44.597402Z[0m [33m WARN[0m [2matac::app::files::key_bindings[0m[2m:[0m No key bindings file found, using default
[2m2025-02-28T00:32:44.597424Z[0m [33m WARN[0m [2matac::app::files::theme[0m[2m:[0m No theme file found, using default
[2m2025-02-28T00:32:46.293606Z[0m [34mDEBUG[0m [2matac::tui::events[0m[2m:[0m Key pressed: Down
[2m2025-02-28T00:32:46.557597Z[0m [34mDEBUG[0m [2matac::tui::events[0m[2m:[0m Key pressed: Enter
[2m2025-02-28T00:32:47.081590Z[0m [34mDEBUG[0m [2matac::tui::events[0m[2m:[0m Key pressed: Down
[2m2025-02-28T00:32:47.304117Z[0m [34mDEBUG[0m [2matac::tui::events[0m[2m:[0m Key pressed: Enter
[2m2025-02-28T00:32:48.207757Z[0m [34mDEBUG[0m [2matac::tui::events[0m[2m:[0m Key pressed: Tab
[2m2025-02-28T00:32:48.492062Z[0m [34mDEBUG[0m [2matac::tui::events[0m[2m:[0m Key pressed: Tab
[2m2025-02-28T00:32:48.985728Z[0m [34mDEBUG[0m [2matac::tui::events[0m[2m:[0m Key pressed: Tab
[2m2025-02-28T00:32:54.674782Z[0m [34mDEBUG[0m [2matac::tui::events[0m[2m:[0m Key pressed: Right
[2m2025-02-28T00:32:55.347433Z[0m [34mDEBUG[0m [2matac::tui::events[0m[2m:[0m Key pressed: Enter
[2m2025-02-28T00:32:56.098299Z[0m [34mDEBUG[0m [2matac::tui::events[0m[2m:[0m Key pressed: Right
[2m2025-02-28T00:32:56.413792Z[0m [34mDEBUG[0m [2matac::tui::events[0m[2m:[0m Key pressed: Right
[2m2025-02-28T00:32:57.477751Z[0m [34mDEBUG[0m [2matac::tui::events[0m[2m:[0m Key pressed: Enter
[2m2025-02-28T00:32:58.054470Z[0m [34mDEBUG[0m [2matac::tui::events[0m[2m:[0m Key pressed: Right
[2m2025-02-28T00:32:58.555981Z[0m [34mDEBUG[0m [2matac::tui::events[0m[2m:[0m Key pressed: Right
[2m2025-02-28T00:32:58.588499Z[0m [34mDEBUG[0m [2matac::tui::events[0m[2m:[0m Key pressed: Right
[2m2025-02-28T00:32:58.621102Z[0m [34mDEBUG[0m [2matac::tui::events[0m[2m:[0m Key pressed: Right
[2m2025-02-28T00:32:58.654113Z[0m [34mDEBUG[0m [2matac::tui::events[0m[2m:[0m Key pressed: Right
[2m2025-02-28T00:32:58.687122Z[0m [34mDEBUG[0m [2matac::tui::events[0m[2m:[0m Key pressed: Right
[2m2025-02-28T00:32:58.720442Z[0m [34mDEBUG[0m [2matac::tui::events[0m[2m:[0m Key pressed: Right
[2m2025-02-28T00:32:58.753113Z[0m [34mDEBUG[0m [2matac::tui::events[0m[2m:[0m Key pressed: Right
[2m2025-02-28T00:32:58.785586Z[0m [34mDEBUG[0m [2matac::tui::events[0m[2m:[0m Key pressed: Right
[2m2025-02-28T00:32:58.819487Z[0m [34mDEBUG[0m [2matac::tui::events[0m[2m:[0m Key pressed: Right
[2m2025-02-28T00:32:58.851466Z[0m [34mDEBUG[0m [2matac::tui::events[0m[2m:[0m Key pressed: Right
[2m2025-02-28T00:32:58.885604Z[0m [34mDEBUG[0m [2matac::tui::events[0m[2m:[0m Key pressed: Right
[2m2025-02-28T00:32:58.918282Z[0m [34mDEBUG[0m [2matac::tui::events[0m[2m:[0m Key pressed: Right
[2m2025-02-28T00:32:58.950857Z[0m [34mDEBUG[0m [2matac::tui::events[0m[2m:[0m Key pressed: Right
[2m2025-02-28T00:32:59.440664Z[0m [34mDEBUG[0m [2matac::tui::events[0m[2m:[0m Key pressed: Enter
[2m2025-02-28T00:32:59.742601Z[0m [34mDEBUG[0m [2matac::tui::events[0m[2m:[0m Key pressed: Right
[2m2025-02-28T00:33:00.243454Z[0m [34mDEBUG[0m [2matac::tui::events[0m[2m:[0m Key pressed: Right
[2m2025-02-28T00:33:00.275803Z[0m [34mDEBUG[0m [2matac::tui::events[0m[2m:[0m Key pressed: Right
[2m2025-02-28T00:33:00.308379Z[0m [34mDEBUG[0m [2matac::tui::events[0m[2m:[0m Key pressed: Right
[2m2025-02-28T00:33:00.341041Z[0m [34mDEBUG[0m [2matac::tui::events[0m[2m:[0m Key pressed: Right
[2m2025-02-28T00:33:00.374615Z[0m [34mDEBUG[0m [2matac::tui::events[0m[2m:[0m Key pressed: Right
[2m2025-02-28T00:33:00.407194Z[0m [34mDEBUG[0m [2matac::tui::events[0m[2m:[0m Key pressed: Right
[2m2025-02-28T00:33:00.440610Z[0m [34mDEBUG[0m [2matac::tui::events[0m[2m:[0m Key pressed: Right
[2m2025-02-28T00:33:00.473986Z[0m [34mDEBUG[0m [2matac::tui::events[0m[2m:[0m Key pressed: Right
[2m2025-02-28T00:33:00.506187Z[0m [34mDEBUG[0m [2matac::tui::events[0m[2m:[0m Key pressed: Right
[2m2025-02-28T00:33:00.540511Z[0m [34mDEBUG[0m [2matac::tui::events[0m[2m:[0m Key pressed: Right
[2m2025-02-28T00:33:00.571891Z[0m [34mDEBUG[0m [2matac::tui::events[0m[2m:[0m Key pressed: Right
[2m2025-02-28T00:33:00.605099Z[0m [34mDEBUG[0m [2matac::tui::events[0m[2m:[0m Key pressed: Right
[2m2025-02-28T00:33:00.638004Z[0m [34mDEBUG[0m [2matac::tui::events[0m[2m:[0m Key pressed: Right
[2m2025-02-28T00:33:00.671665Z[0m [34mDEBUG[0m [2matac::tui::events[0m[2m:[0m Key pressed: Right
[2m2025-02-28T00:33:00.705071Z[0m [34mDEBUG[0m [2matac::tui::events[0m[2m:[0m Key pressed: Right
[2m2025-02-28T00:33:00.737383Z[0m [34mDEBUG[0m [2matac::tui::events[0m[2m:[0m Key pressed: Right
[2m2025-02-28T00:33:00.770256Z[0m [34mDEBUG[0m [2matac::tui::events[0m[2m:[0m Key pressed: Right
[2m2025-02-28T00:33:00.803422Z[0m [34mDEBUG[0m [2matac::tui::events[0m[2m:[0m Key pressed: Right
[2m2025-02-28T00:33:00.836259Z[0m [34mDEBUG[0m [2matac::tui::events[0m[2m:[0m Key pressed: Right
[2m2025-02-28T00:33:00.972118Z[0m [34mDEBUG[0m [2matac::tui::events[0m[2m:[0m Key pressed: Right
[2m2025-02-28T00:33:01.139712Z[0m [34mDEBUG[0m [2matac::tui::events[0m[2m:[0m Key pressed: Right
[2m2025-02-28T00:33:01.303917Z[0m [34mDEBUG[0m [2matac::tui::events[0m[2m:[0m Key pressed: Right
[2m2025-02-28T00:33:01.614188Z[0m [34mDEBUG[0m [2matac::tui::events[0m[2m:[0m Key pressed: Enter
[2m2025-02-28T00:33:01.983167Z[0m [34mDEBUG[0m [2matac::tui::events[0m[2m:[0m Key pressed: Right
[2m2025-02-28T00:33:02.484391Z[0m [34mDEBUG[0m [2matac::tui::events[0m[2m:[0m Key pressed: Right
[2m2025-02-28T00:33:02.517241Z[0m [34mDEBUG[0m [2matac::tui::events[0m[2m:[0m Key pressed: Right
[2m2025-02-28T00:33:02.550249Z[0m [34mDEBUG[0m [2matac::tui::events[0m[2m:[0m Key pressed: Right
[2m2025-02-28T00:33:02.583102Z[0m [34mDEBUG[0m [2matac::tui::events[0m[2m:[0m Key pressed: Right
[2m2025-02-28T00:33:02.615239Z[0m [34mDEBUG[0m [2matac::tui::events[0m[2m:[0m Key pressed: Right
[2m2025-02-28T00:33:02.649647Z[0m [34mDEBUG[0m [2matac::tui::events[0m[2m:[0m Key pressed: Right
[2m2025-02-28T00:33:02.681724Z[0m [34mDEBUG[0m [2matac::tui::events[0m[2m:[0m Key pressed: Right
[2m2025-02-28T00:33:02.715592Z[0m [34mDEBUG[0m [2matac::tui::events[0m[2m:[0m Key pressed: Right
[2m2025-02-28T00:33:02.747589Z[0m [34mDEBUG[0m [2matac::tui::events[0m[2m:[0m Key pressed: Right
[2m2025-02-28T00:33:02.888408Z[0m [34mDEBUG[0m [2matac::tui::events[0m[2m:[0m Key pressed: Right
[2m2025-02-28T00:33:03.483501Z[0m [34mDEBUG[0m [2matac::tui::events[0m[2m:[0m Key pressed: Left
[2m2025-02-28T00:33:03.802973Z[0m [34mDEBUG[0m [2matac::tui::events[0m[2m:[0m Key pressed: Enter
[2m2025-02-28T00:33:04.097453Z[0m [34mDEBUG[0m [2matac::tui::events[0m[2m:[0m Key pressed: Up
[2m2025-02-28T00:33:04.259825Z[0m [34mDEBUG[0m [2matac::tui::events[0m[2m:[0m Key pressed: Up
[2m2025-02-28T00:33:04.461522Z[0m [34mDEBUG[0m [2matac::tui::events[0m[2m:[0m Key pressed: Up
[2m2025-02-28T00:33:05.843160Z[0m [34mDEBUG[0m [2matac::tui::events[0m[2m:[0m Key pressed: "
[2m2025-02-28T00:33:06.205745Z[0m [34mDEBUG[0m [2matac::tui::events[0m[2m:[0m Key pressed: Right
[2m2025-02-28T00:33:06.383860Z[0m [34mDEBUG[0m [2matac::tui::events[0m[2m:[0m Key pressed: Right
[2m2025-02-28T00:33:06.553824Z[0m [34mDEBUG[0m [2matac::tui::events[0m[2m:[0m Key pressed: Right
[2m2025-02-28T00:33:06.764929Z[0m [34mDEBUG[0m [2matac::tui::events[0m[2m:[0m Key pressed: Right
[2m2025-02-28T00:33:07.556590Z[0m [34mDEBUG[0m [2matac::tui::events[0m[2m:[0m Key pressed: "
[2m2025-02-28T00:33:08.030908Z[0m [34mDEBUG[0m [2matac::tui::events[0m[2m:[0m Key pressed: Right
[2m2025-02-28T00:33:08.181784Z[0m [34mDEBUG[0m [2matac::tui::events[0m[2m:[0m Key pressed: Right
[2m2025-02-28T00:33:09.492151Z[0m [34mDEBUG[0m [2matac::tui::events[0m[2m:[0m Key pressed: "
[2m2025-02-28T00:33:09.803348Z[0m [34mDEBUG[0m [2matac::tui::events[0m[2m:[0m Key pressed: Right
[2m2025-02-28T00:33:09.975270Z[0m [34mDEBUG[0m [2matac::tui::events[0m[2m:[0m Key pressed: Right
[2m2025-02-28T00:33:10.139449Z[0m [34mDEBUG[0m [2matac::tui::events[0m[2m:[0m Key pressed: Right
[2m2025-02-28T00:33:10.294102Z[0m [34mDEBUG[0m [2matac::tui::events[0m[2m:[0m Key pressed: Right
[2m2025-02-28T00:33:10.450778Z[0m [34mDEBUG[0m [2matac::tui::events[0m[2m:[0m Key pressed: Right
[2m2025-02-28T00:33:11.394271Z[0m [34mDEBUG[0m [2matac::tui::events[0m[2m:[0m Key pressed: l
[2m2025-02-28T00:33:12.020879Z[0m [34mDEBUG[0m [2matac::tui::events[0m[2m:[0m Key pressed: Backspace
[2m2025-02-28T00:33:12.643947Z[0m [34mDEBUG[0m [2matac::tui::events[0m[2m:[0m Key pressed: Right
[2m2025-02-28T00:33:14.042259Z[0m [34mDEBUG[0m [2matac::tui::events[0m[2m:[0m Key pressed: "
[2m2025-02-28T00:33:14.899686Z[0m [34mDEBUG[0m [2matac::tui::events[0m[2m:[0m Key pressed: Down
[2m2025-02-28T00:33:15.352714Z[0m [34mDEBUG[0m [2matac::tui::events[0m[2m:[0m Key pressed: Up
[2m2025-02-28T00:33:15.985787Z[0m [34mDEBUG[0m [2matac::tui::events[0m[2m:[0m Key pressed: Left
[2m2025-02-28T00:33:17.394420Z[0m [34mDEBUG[0m [2matac::tui::events[0m[2m:[0m Key pressed: "
[2m2025-02-28T00:33:17.948567Z[0m [34mDEBUG[0m [2matac::tui::events[0m[2m:[0m Key pressed: Right
[2m2025-02-28T00:33:18.122788Z[0m [34mDEBUG[0m [2matac::tui::events[0m[2m:[0m Key pressed: Right
[2m2025-02-28T00:33:18.306968Z[0m [34mDEBUG[0m [2matac::tui::events[0m[2m:[0m Key pressed: Right
[2m2025-02-28T00:33:18.522120Z[0m [34mDEBUG[0m [2matac::tui::events[0m[2m:[0m Key pressed: Right
[2m2025-02-28T00:33:19.475682Z[0m [34mDEBUG[0m [2matac::tui::events[0m[2m:[0m Key pressed: "
[2m2025-02-28T00:33:20.206008Z[0m [34mDEBUG[0m [2matac::tui::events[0m[2m:[0m Key pressed: Right
[2m2025-02-28T00:33:20.404623Z[0m [34mDEBUG[0m [2matac::tui::events[0m[2m:[0m Key pressed: Right
[2m2025-02-28T00:33:21.303784Z[0m [34mDEBUG[0m [2matac::tui::events[0m[2m:[0m Key pressed: "
[2m2025-02-28T00:33:21.803911Z[0m [34mDEBUG[0m [2matac::tui::events[0m[2m:[0m Key pressed: Right
[2m2025-02-28T00:33:21.971337Z[0m [34mDEBUG[0m [2matac::tui::events[0m[2m:[0m Key pressed: Right
[2m2025-02-28T00:33:22.181099Z[0m [34mDEBUG[0m [2matac::tui::events[0m[2m:[0m Key pressed: Right
[2m2025-02-28T00:33:22.385078Z[0m [34mDEBUG[0m [2matac::tui::events[0m[2m:[0m Key pressed: Right
[2m2025-02-28T00:33:23.247937Z[0m [34mDEBUG[0m [2matac::tui::events[0m[2m:[0m Key pressed: Enter
[2m2025-02-28T00:33:23.875217Z[0m [34mDEBUG[0m [2matac::tui::events[0m[2m:[0m Key pressed: Backspace
[2m2025-02-28T00:33:24.718630Z[0m [34mDEBUG[0m [2matac::tui::events[0m[2m:[0m Key pressed: "
[2m2025-02-28T00:33:25.301616Z[0m [34mDEBUG[0m [2matac::tui::events[0m[2m:[0m Key pressed: Up
[2m2025-02-28T00:33:25.667658Z[0m [34mDEBUG[0m [2matac::tui::events[0m[2m:[0m Key pressed: Left
[2m2025-02-28T00:33:25.829941Z[0m [34mDEBUG[0m [2matac::tui::events[0m[2m:[0m Key pressed: Left
[2m2025-02-28T00:33:25.980857Z[0m [34mDEBUG[0m [2matac::tui::events[0m[2m:[0m Key pressed: Left
[2m2025-02-28T00:33:27.617748Z[0m [34mDEBUG[0m [2matac::tui::events[0m[2m:[0m Key pressed: "
[2m2025-02-28T00:33:28.311609Z[0m [34mDEBUG[0m [2matac::tui::events[0m[2m:[0m Key pressed: Right
[2m2025-02-28T00:33:28.812401Z[0m [34mDEBUG[0m [2matac::tui::events[0m[2m:[0m Key pressed: Right
[2m2025-02-28T00:33:28.845070Z[0m [34mDEBUG[0m [2matac::tui::events[0m[2m:[0m Key pressed: Right
[2m2025-02-28T00:33:28.878816Z[0m [34mDEBUG[0m [2matac::tui::events[0m[2m:[0m Key pressed: Right
[2m2025-02-28T00:33:28.912623Z[0m [34mDEBUG[0m [2matac::tui::events[0m[2m:[0m Key pressed: Right
[2m2025-02-28T00:33:28.946223Z[0m [34mDEBUG[0m [2matac::tui::events[0m[2m:[0m Key pressed: Right
[2m2025-02-28T00:33:28.977983Z[0m [34mDEBUG[0m [2matac::tui::events[0m[2m:[0m Key pressed: Right
[2m2025-02-28T00:33:29.010727Z[0m [34mDEBUG[0m [2matac::tui::events[0m[2m:[0m Key pressed: Right
[2m2025-02-28T00:33:29.135766Z[0m [34mDEBUG[0m [2matac::tui::events[0m[2m:[0m Key pressed: Right
[2m2025-02-28T00:33:29.303768Z[0m [34mDEBUG[0m [2matac::tui::events[0m[2m:[0m Key pressed: Right
[2m2025-02-28T00:33:30.139889Z[0m [34mDEBUG[0m [2matac::tui::events[0m[2m:[0m Key pressed: "
[2m2025-02-28T00:33:30.702991Z[0m [34mDEBUG[0m [2matac::tui::events[0m[2m:[0m Key pressed: Left
[2m2025-02-28T00:33:31.202709Z[0m [34mDEBUG[0m [2matac::tui::events[0m[2m:[0m Key pressed: Left
[2m2025-02-28T00:33:31.234794Z[0m [34mDEBUG[0m [2matac::tui::events[0m[2m:[0m Key pressed: Left
[2m2025-02-28T00:33:31.268672Z[0m [34mDEBUG[0m [2matac::tui::events[0m[2m:[0m Key pressed: Left
[2m2025-02-28T00:33:31.301659Z[0m [34mDEBUG[0m [2matac::tui::events[0m[2m:[0m Key pressed: Left
[2m2025-02-28T00:33:31.335335Z[0m [34mDEBUG[0m [2matac::tui::events[0m[2m:[0m Key pressed: Left
[2m2025-02-28T00:33:31.368180Z[0m [34mDEBUG[0m [2matac::tui::events[0m[2m:[0m Key pressed: Left
[2m2025-02-28T00:33:31.401274Z[0m [34mDEBUG[0m [2matac::tui::events[0m[2m:[0m Key pressed: Left
[2m2025-02-28T00:33:31.433970Z[0m [34mDEBUG[0m [2matac::tui::events[0m[2m:[0m Key pressed: Left
[2m2025-02-28T00:33:31.467459Z[0m [34mDEBUG[0m [2matac::tui::events[0m[2m:[0m Key pressed: Left
[2m2025-02-28T00:33:31.499971Z[0m [34mDEBUG[0m [2matac::tui::events[0m[2m:[0m Key pressed: Left
[2m2025-02-28T00:33:31.533576Z[0m [34mDEBUG[0m [2matac::tui::events[0m[2m:[0m Key pressed: Left
[2m2025-02-28T00:33:31.685694Z[0m [34mDEBUG[0m [2matac::tui::events[0m[2m:[0m Key pressed: Left
[2m2025-02-28T00:33:31.834499Z[0m [34mDEBUG[0m [2matac::tui::events[0m[2m:[0m Key pressed: Left
[2m2025-02-28T00:33:32.698524Z[0m [34mDEBUG[0m [2matac::tui::events[0m[2m:[0m Key pressed: "
[2m2025-02-28T00:33:33.314842Z[0m [34mDEBUG[0m [2matac::tui::events[0m[2m:[0m Key pressed: Left
[2m2025-02-28T00:33:33.814704Z[0m [34mDEBUG[0m [2matac::tui::events[0m[2m:[0m Key pressed: Left
[2m2025-02-28T00:33:33.848356Z[0m [34mDEBUG[0m [2matac::tui::events[0m[2m:[0m Key pressed: Left
[2m2025-02-28T00:33:33.881428Z[0m [34mDEBUG[0m [2matac::tui::events[0m[2m:[0m Key pressed: Left
[2m2025-02-28T00:33:33.914068Z[0m [34mDEBUG[0m [2matac::tui::events[0m[2m:[0m Key pressed: Left
[2m2025-02-28T00:33:33.947769Z[0m [34mDEBUG[0m [2matac::tui::events[0m[2m:[0m Key pressed: Left
[2m2025-02-28T00:33:33.980641Z[0m [34mDEBUG[0m [2matac::tui::events[0m[2m:[0m Key pressed: Left
[2m2025-02-28T00:33:34.013630Z[0m [34mDEBUG[0m [2matac::tui::events[0m[2m:[0m Key pressed: Left
[2m2025-02-28T00:33:34.046646Z[0m [34mDEBUG[0m [2matac::tui::events[0m[2m:[0m Key pressed: Left
[2m2025-02-28T00:33:34.195489Z[0m [34mDEBUG[0m [2matac::tui::events[0m[2m:[0m Key pressed: Left
[2m2025-02-28T00:33:35.117117Z[0m [34mDEBUG[0m [2matac::tui::events[0m[2m:[0m Key pressed: "
[2m2025-02-28T00:33:41.388983Z[0m [32m INFO[0m [2matac::tui::tui_logic::request::body[0m[2m:[0m Body set to "JSON"
[2m2025-02-28T00:33:41.389025Z[0m [32m INFO[0m [2matac::app::files::collection[0m[2m:[0m Saving collection "dotnet-run"
[2m2025-02-28T00:33:41.389875Z[0m [34mDEBUG[0m [2matac::tui::events[0m[2m:[0m Key pressed: Ctrl-s
[2m2025-02-28T00:35:06.438328Z[0m [34mDEBUG[0m [2matac::tui::events[0m[2m:[0m Key pressed: Esc
[2m2025-02-28T00:35:07.034540Z[0m [34mDEBUG[0m [2matac::tui::events[0m[2m:[0m Key pressed: Down
[2m2025-02-28T00:35:07.280740Z[0m [34mDEBUG[0m [2matac::tui::events[0m[2m:[0m Key pressed: Up
[2m2025-02-28T00:35:07.672203Z[0m [34mDEBUG[0m [2matac::tui::events[0m[2m:[0m Key pressed: Down
[2m2025-02-28T00:35:08.034785Z[0m [34mDEBUG[0m [2matac::tui::events[0m[2m:[0m Key pressed: Up
[2m2025-02-28T00:35:13.950071Z[0m [34mDEBUG[0m [2matac::tui::events[0m[2m:[0m Key pressed: n
[2m2025-02-28T00:35:18.294783Z[0m [34mDEBUG[0m [2matac::tui::events[0m[2m:[0m Key pressed: Enter
[2m2025-02-28T00:35:20.017315Z[0m [34mDEBUG[0m [2matac::tui::events[0m[2m:[0m Key pressed: p
[2m2025-02-28T00:35:20.178348Z[0m [34mDEBUG[0m [2matac::tui::events[0m[2m:[0m Key pressed: l
[2m2025-02-28T00:35:20.283760Z[0m [34mDEBUG[0m [2matac::tui::events[0m[2m:[0m Key pressed: a
[2m2025-02-28T00:35:20.462453Z[0m [34mDEBUG[0m [2matac::tui::events[0m[2m:[0m Key pressed: t
[2m2025-02-28T00:35:20.654843Z[0m [34mDEBUG[0m [2matac::tui::events[0m[2m:[0m Key pressed: f
[2m2025-02-28T00:35:20.759071Z[0m [34mDEBUG[0m [2matac::tui::events[0m[2m:[0m Key pressed: o
[2m2025-02-28T00:35:20.866779Z[0m [34mDEBUG[0m [2matac::tui::events[0m[2m:[0m Key pressed: r
[2m2025-02-28T00:35:20.980365Z[0m [34mDEBUG[0m [2matac::tui::events[0m[2m:[0m Key pressed: m
[2m2025-02-28T00:35:21.142342Z[0m [34mDEBUG[0m [2matac::tui::events[0m[2m:[0m Key pressed: s
[2m2025-02-28T00:35:21.559958Z[0m [34mDEBUG[0m [2matac::tui::events[0m[2m:[0m Key pressed: Shift-s
[2m2025-02-28T00:35:21.771832Z[0m [34mDEBUG[0m [2matac::tui::events[0m[2m:[0m Key pressed: e
[2m2025-02-28T00:35:21.867582Z[0m [34mDEBUG[0m [2matac::tui::events[0m[2m:[0m Key pressed: r
[2m2025-02-28T00:35:22.101788Z[0m [34mDEBUG[0m [2matac::tui::events[0m[2m:[0m Key pressed: v
[2m2025-02-28T00:35:22.229160Z[0m [34mDEBUG[0m [2matac::tui::events[0m[2m:[0m Key pressed: i
[2m2025-02-28T00:35:22.310943Z[0m [34mDEBUG[0m [2matac::tui::events[0m[2m:[0m Key pressed: c
[2m2025-02-28T00:35:22.417762Z[0m [34mDEBUG[0m [2matac::tui::events[0m[2m:[0m Key pressed: e
[2m2025-02-28T00:35:22.924303Z[0m [32m INFO[0m [2matac::app::business_logic::collection[0m[2m:[0m Collection "platformsService" created
[2m2025-02-28T00:35:22.924334Z[0m [32m INFO[0m [2matac::app::files::collection[0m[2m:[0m Saving collection "platformsService"
[2m2025-02-28T00:35:22.924414Z[0m [34mDEBUG[0m [2matac::tui::events[0m[2m:[0m Key pressed: Enter
[2m2025-02-28T00:35:24.383680Z[0m [34mDEBUG[0m [2matac::tui::events[0m[2m:[0m Key pressed: Enter
[2m2025-02-28T00:35:25.356369Z[0m [34mDEBUG[0m [2matac::tui::events[0m[2m:[0m Key pressed: Enter
[2m2025-02-28T00:35:25.749504Z[0m [34mDEBUG[0m [2matac::tui::events[0m[2m:[0m Key pressed: Down
[2m2025-02-28T00:35:25.959892Z[0m [34mDEBUG[0m [2matac::tui::events[0m[2m:[0m Key pressed: Down
[2m2025-02-28T00:35:28.963495Z[0m [34mDEBUG[0m [2matac::tui::events[0m[2m:[0m Key pressed: d
[2m2025-02-28T00:35:29.718768Z[0m [34mDEBUG[0m [2matac::tui::events[0m[2m:[0m Key pressed: Right
[2m2025-02-28T00:35:30.236039Z[0m [32m INFO[0m [2matac::app::business_logic::collection[0m[2m:[0m Collection deleted
[2m2025-02-28T00:35:30.236132Z[0m [34mDEBUG[0m [2matac::tui::events[0m[2m:[0m Key pressed: Enter
[2m2025-02-28T00:35:31.502575Z[0m [34mDEBUG[0m [2matac::tui::events[0m[2m:[0m Key pressed: Left
[2m2025-02-28T00:35:31.873342Z[0m [34mDEBUG[0m [2matac::tui::events[0m[2m:[0m Key pressed: Down
[2m2025-02-28T00:35:32.335617Z[0m [34mDEBUG[0m [2matac::tui::events[0m[2m:[0m Key pressed: Down
[2m2025-02-28T00:35:33.072939Z[0m [34mDEBUG[0m [2matac::tui::events[0m[2m:[0m Key pressed: Enter
[2m2025-02-28T00:35:39.932050Z[0m [34mDEBUG[0m [2matac::tui::events[0m[2m:[0m Key pressed: Up
[2m2025-02-28T00:35:40.212827Z[0m [34mDEBUG[0m [2matac::tui::events[0m[2m:[0m Key pressed: Down
[2m2025-02-28T00:35:40.525382Z[0m [34mDEBUG[0m [2matac::tui::events[0m[2m:[0m Key pressed: Up
[2m2025-02-28T00:35:40.826466Z[0m [34mDEBUG[0m [2matac::tui::events[0m[2m:[0m Key pressed: Left
[2m2025-02-28T00:35:41.309520Z[0m [34mDEBUG[0m [2matac::tui::events[0m[2m:[0m Key pressed: Down
[2m2025-02-28T00:35:41.629617Z[0m [34mDEBUG[0m [2matac::tui::events[0m[2m:[0m Key pressed: Left
[2m2025-02-28T00:35:50.978203Z[0m [34mDEBUG[0m [2matac::tui::events[0m[2m:[0m Key pressed: Esc
[2m2025-02-28T00:35:51.224361Z[0m [34mDEBUG[0m [2matac::tui::events[0m[2m:[0m Key pressed: Left
[2m2025-02-28T00:35:51.739956Z[0m [34mDEBUG[0m [2matac::tui::events[0m[2m:[0m Key pressed: Down
[2m2025-02-28T00:35:53.752706Z[0m [34mDEBUG[0m [2matac::tui::events[0m[2m:[0m Key pressed: n
[2m2025-02-28T00:35:54.375713Z[0m [34mDEBUG[0m [2matac::tui::events[0m[2m:[0m Key pressed: Right
[2m2025-02-28T00:35:55.028442Z[0m [34mDEBUG[0m [2matac::tui::events[0m[2m:[0m Key pressed: Enter
[2m2025-02-28T00:35:58.774949Z[0m [34mDEBUG[0m [2matac::tui::events[0m[2m:[0m Key pressed: Shift-BackTab
[2m2025-02-28T00:35:59.693062Z[0m [34mDEBUG[0m [2matac::tui::events[0m[2m:[0m Key pressed: f
[2m2025-02-28T00:36:00.093796Z[0m [34mDEBUG[0m [2matac::tui::events[0m[2m:[0m Key pressed: Backspace
[2m2025-02-28T00:36:00.930966Z[0m [34mDEBUG[0m [2matac::tui::events[0m[2m:[0m Key pressed: g
[2m2025-02-28T00:36:01.135916Z[0m [34mDEBUG[0m [2matac::tui::events[0m[2m:[0m Key pressed: e
[2m2025-02-28T00:36:01.238261Z[0m [34mDEBUG[0m [2matac::tui::events[0m[2m:[0m Key pressed: t
[2m2025-02-28T00:36:01.666582Z[0m [34mDEBUG[0m [2matac::tui::events[0m[2m:[0m Key pressed: Shift-a
[2m2025-02-28T00:36:01.823082Z[0m [34mDEBUG[0m [2matac::tui::events[0m[2m:[0m Key pressed: l
[2m2025-02-28T00:36:01.958911Z[0m [34mDEBUG[0m [2matac::tui::events[0m[2m:[0m Key pressed: l
[2m2025-02-28T00:36:02.189876Z[0m [34mDEBUG[0m [2matac::tui::events[0m[2m:[0m Key pressed: Shift-p
[2m2025-02-28T00:36:02.356618Z[0m [34mDEBUG[0m [2matac::tui::events[0m[2m:[0m Key pressed: l
[2m2025-02-28T00:36:02.440414Z[0m [34mDEBUG[0m [2matac::tui::events[0m[2m:[0m Key pressed: a
[2m2025-02-28T00:36:02.638742Z[0m [34mDEBUG[0m [2matac::tui::events[0m[2m:[0m Key pressed: t
[2m2025-02-28T00:36:02.834419Z[0m [34mDEBUG[0m [2matac::tui::events[0m[2m:[0m Key pressed: f
[2m2025-02-28T00:36:02.893807Z[0m [34mDEBUG[0m [2matac::tui::events[0m[2m:[0m Key pressed: o
[2m2025-02-28T00:36:03.056065Z[0m [34mDEBUG[0m [2matac::tui::events[0m[2m:[0m Key pressed: r
[2m2025-02-28T00:36:03.146925Z[0m [34mDEBUG[0m [2matac::tui::events[0m[2m:[0m Key pressed: m
[2m2025-02-28T00:36:03.297227Z[0m [34mDEBUG[0m [2matac::tui::events[0m[2m:[0m Key pressed: s
[2m2025-02-28T00:36:04.202749Z[0m [32m INFO[0m [2matac::app::business_logic::collection[0m[2m:[0m Request "getAllPlatforms" created in collection "dotnet-run"
[2m2025-02-28T00:36:04.202784Z[0m [32m INFO[0m [2matac::app::files::collection[0m[2m:[0m Saving collection "dotnet-run"
[2m2025-02-28T00:36:04.203080Z[0m [34mDEBUG[0m [2matac::tui::events[0m[2m:[0m Key pressed: Enter
[2m2025-02-28T00:36:05.257898Z[0m [34mDEBUG[0m [2matac::tui::events[0m[2m:[0m Key pressed: Down
[2m2025-02-28T00:36:05.785782Z[0m [34mDEBUG[0m [2matac::tui::events[0m[2m:[0m Key pressed: Down
[2m2025-02-28T00:36:06.732021Z[0m [34mDEBUG[0m [2matac::tui::events[0m[2m:[0m Key pressed: Enter
[2m2025-02-28T00:36:10.978702Z[0m [34mDEBUG[0m [2matac::tui::events[0m[2m:[0m Key pressed: u
[2m2025-02-28T00:36:21.972863Z[0m [34mDEBUG[0m [2matac::tui::events[0m[2m:[0m Key pressed: h
[2m2025-02-28T00:36:22.178276Z[0m [34mDEBUG[0m [2matac::tui::events[0m[2m:[0m Key pressed: t
[2m2025-02-28T00:36:22.316086Z[0m [34mDEBUG[0m [2matac::tui::events[0m[2m:[0m Key pressed: t
[2m2025-02-28T00:36:22.553652Z[0m [34mDEBUG[0m [2matac::tui::events[0m[2m:[0m Key pressed: p
[2m2025-02-28T00:36:23.014608Z[0m [34mDEBUG[0m [2matac::tui::events[0m[2m:[0m Key pressed: :
[2m2025-02-28T00:36:23.320263Z[0m [34mDEBUG[0m [2matac::tui::events[0m[2m:[0m Key pressed: /
[2m2025-02-28T00:36:23.481096Z[0m [34mDEBUG[0m [2matac::tui::events[0m[2m:[0m Key pressed: /
[2m2025-02-28T00:36:23.728810Z[0m [34mDEBUG[0m [2matac::tui::events[0m[2m:[0m Key pressed: l
[2m2025-02-28T00:36:23.897202Z[0m [34mDEBUG[0m [2matac::tui::events[0m[2m:[0m Key pressed: o
[2m2025-02-28T00:36:23.995732Z[0m [34mDEBUG[0m [2matac::tui::events[0m[2m:[0m Key pressed: c
[2m2025-02-28T00:36:24.142068Z[0m [34mDEBUG[0m [2matac::tui::events[0m[2m:[0m Key pressed: a
[2m2025-02-28T00:36:24.222894Z[0m [34mDEBUG[0m [2matac::tui::events[0m[2m:[0m Key pressed: l
[2m2025-02-28T00:36:24.565672Z[0m [34mDEBUG[0m [2matac::tui::events[0m[2m:[0m Key pressed: h
[2m2025-02-28T00:36:24.698246Z[0m [34mDEBUG[0m [2matac::tui::events[0m[2m:[0m Key pressed: o
[2m2025-02-28T00:36:24.798759Z[0m [34mDEBUG[0m [2matac::tui::events[0m[2m:[0m Key pressed: s
[2m2025-02-28T00:36:25.018637Z[0m [34mDEBUG[0m [2matac::tui::events[0m[2m:[0m Key pressed: t
[2m2025-02-28T00:36:25.423944Z[0m [34mDEBUG[0m [2matac::tui::events[0m[2m:[0m Key pressed: :
[2m2025-02-28T00:36:25.823430Z[0m [34mDEBUG[0m [2matac::tui::events[0m[2m:[0m Key pressed: 5
[2m2025-02-28T00:36:25.892200Z[0m [34mDEBUG[0m [2matac::tui::events[0m[2m:[0m Key pressed: 0
[2m2025-02-28T00:36:26.372685Z[0m [34mDEBUG[0m [2matac::tui::events[0m[2m:[0m Key pressed: 4
[2m2025-02-28T00:36:26.639783Z[0m [34mDEBUG[0m [2matac::tui::events[0m[2m:[0m Key pressed: 4
[2m2025-02-28T00:36:26.897800Z[0m [34mDEBUG[0m [2matac::tui::events[0m[2m:[0m Key pressed: /
[2m2025-02-28T00:36:27.085719Z[0m [34mDEBUG[0m [2matac::tui::events[0m[2m:[0m Key pressed: a
[2m2025-02-28T00:36:27.227811Z[0m [34mDEBUG[0m [2matac::tui::events[0m[2m:[0m Key pressed: p
[2m2025-02-28T00:36:27.653762Z[0m [34mDEBUG[0m [2matac::tui::events[0m[2m:[0m Key pressed: i
[2m2025-02-28T00:36:28.010985Z[0m [34mDEBUG[0m [2matac::tui::events[0m[2m:[0m Key pressed: /
[2m2025-02-28T00:36:28.272728Z[0m [34mDEBUG[0m [2matac::tui::events[0m[2m:[0m Key pressed: p
[2m2025-02-28T00:36:28.445964Z[0m [34mDEBUG[0m [2matac::tui::events[0m[2m:[0m Key pressed: l
[2m2025-02-28T00:36:28.511264Z[0m [34mDEBUG[0m [2matac::tui::events[0m[2m:[0m Key pressed: a
[2m2025-02-28T00:36:28.747650Z[0m [34mDEBUG[0m [2matac::tui::events[0m[2m:[0m Key pressed: t
[2m2025-02-28T00:36:28.949934Z[0m [34mDEBUG[0m [2matac::tui::events[0m[2m:[0m Key pressed: o
[2m2025-02-28T00:36:28.977171Z[0m [34mDEBUG[0m [2matac::tui::events[0m[2m:[0m Key pressed: f
[2m2025-02-28T00:36:29.234063Z[0m [34mDEBUG[0m [2matac::tui::events[0m[2m:[0m Key pressed: r
[2m2025-02-28T00:36:29.276951Z[0m [34mDEBUG[0m [2matac::tui::events[0m[2m:[0m Key pressed: m
[2m2025-02-28T00:36:29.711096Z[0m [34mDEBUG[0m [2matac::tui::events[0m[2m:[0m Key pressed: Backspace
[2m2025-02-28T00:36:29.876006Z[0m [34mDEBUG[0m [2matac::tui::events[0m[2m:[0m Key pressed: Backspace
[2m2025-02-28T00:36:30.045168Z[0m [34mDEBUG[0m [2matac::tui::events[0m[2m:[0m Key pressed: Backspace
[2m2025-02-28T00:36:30.209976Z[0m [34mDEBUG[0m [2matac::tui::events[0m[2m:[0m Key pressed: Backspace
[2m2025-02-28T00:36:30.384905Z[0m [34mDEBUG[0m [2matac::tui::events[0m[2m:[0m Key pressed: Backspace
[2m2025-02-28T00:36:30.548476Z[0m [34mDEBUG[0m [2matac::tui::events[0m[2m:[0m Key pressed: Backspace
[2m2025-02-28T00:36:30.981786Z[0m [34mDEBUG[0m [2matac::tui::events[0m[2m:[0m Key pressed: a
[2m2025-02-28T00:36:31.212786Z[0m [34mDEBUG[0m [2matac::tui::events[0m[2m:[0m Key pressed: t
[2m2025-02-28T00:36:31.415193Z[0m [34mDEBUG[0m [2matac::tui::events[0m[2m:[0m Key pressed: f
[2m2025-02-28T00:36:31.525137Z[0m [34mDEBUG[0m [2matac::tui::events[0m[2m:[0m Key pressed: o
[2m2025-02-28T00:36:31.605756Z[0m [34mDEBUG[0m [2matac::tui::events[0m[2m:[0m Key pressed: r
[2m2025-02-28T00:36:31.734135Z[0m [34mDEBUG[0m [2matac::tui::events[0m[2m:[0m Key pressed: m
[2m2025-02-28T00:36:31.862181Z[0m [34mDEBUG[0m [2matac::tui::events[0m[2m:[0m Key pressed: s
[2m2025-02-28T00:36:35.624719Z[0m [34mDEBUG[0m [2matac::tui::events[0m[2m:[0m Key pressed: Ctrl-s
[2m2025-02-28T00:36:36.293924Z[0m [34mDEBUG[0m [2matac::tui::events[0m[2m:[0m Key pressed: Backspace
[2m2025-02-28T00:36:37.228300Z[0m [32m INFO[0m [2matac::app::business_logic::request::url[0m[2m:[0m URL set to "http://localhost:5044/api/platforms"
[2m2025-02-28T00:36:37.228345Z[0m [32m INFO[0m [2matac::app::files::collection[0m[2m:[0m Saving collection "dotnet-run"
[2m2025-02-28T00:36:37.228632Z[0m [34mDEBUG[0m [2matac::tui::events[0m[2m:[0m Key pressed: Enter
[2m2025-02-28T00:36:41.072913Z[0m [34mDEBUG[0m [2matac::tui::events[0m[2m:[0m Key pressed: Space
[2m2025-02-28T00:36:41.072966Z[0m [32m INFO[0m [2matac::app::business_logic::request::send[0m[2m:[0m Sending request
[2m2025-02-28T00:36:41.073040Z[0m [34mDEBUG[0m [1mHTTP request[0m[1m{[0m[3mhttp.request.method[0m[2m=[0mGET [3murl.scheme[0m[2m=[0mhttp [3mserver.address[0m[2m=[0mlocalhost [3mserver.port[0m[2m=[0m5044 [3muser_agent.original[0m[2m=[0mATAC/v0.18.1 [3motel.kind[0m[2m=[0m"client" [3motel.name[0m[2m=[0mgetAllPlatforms[1m}[0m[2m:[0m [2mreqwest::connect[0m[2m:[0m starting new connection: http://localhost:5044/    
[2m2025-02-28T00:36:41.073196Z[0m [34mDEBUG[0m [2mhyper_util::client::legacy::connect::dns[0m[2m:[0m resolving host="localhost"
[2m2025-02-28T00:36:41.073647Z[0m [34mDEBUG[0m [1mHTTP request[0m[1m{[0m[3mhttp.request.method[0m[2m=[0mGET [3murl.scheme[0m[2m=[0mhttp [3mserver.address[0m[2m=[0mlocalhost [3mserver.port[0m[2m=[0m5044 [3muser_agent.original[0m[2m=[0mATAC/v0.18.1 [3motel.kind[0m[2m=[0m"client" [3motel.name[0m[2m=[0mgetAllPlatforms[1m}[0m[2m:[0m [2mhyper_util::client::legacy::connect::http[0m[2m:[0m connecting to 127.0.0.1:5044
[2m2025-02-28T00:36:48.156855Z[0m [34mDEBUG[0m [2matac::tui::events[0m[2m:[0m Key pressed: Left
[2m2025-02-28T00:36:48.441266Z[0m [34mDEBUG[0m [2matac::tui::events[0m[2m:[0m Key pressed: Up
[2m2025-02-28T00:36:48.668121Z[0m [34mDEBUG[0m [2matac::tui::events[0m[2m:[0m Key pressed: Esc
[2m2025-02-28T00:36:48.944806Z[0m [34mDEBUG[0m [2matac::tui::events[0m[2m:[0m Key pressed: Up
[2m2025-02-28T00:36:49.236607Z[0m [34mDEBUG[0m [2matac::tui::events[0m[2m:[0m Key pressed: Down
[2m2025-02-28T00:36:49.721428Z[0m [34mDEBUG[0m [2matac::tui::events[0m[2m:[0m Key pressed: Up
[2m2025-02-28T00:36:50.762924Z[0m [34mDEBUG[0m [2matac::tui::events[0m[2m:[0m Key pressed: Up
[2m2025-02-28T00:36:53.613158Z[0m [34mDEBUG[0m [2matac::tui::events[0m[2m:[0m Key pressed: n
[2m2025-02-28T00:36:54.794877Z[0m [34mDEBUG[0m [2matac::tui::events[0m[2m:[0m Key pressed: Right
[2m2025-02-28T00:36:55.256759Z[0m [34mDEBUG[0m [2matac::tui::events[0m[2m:[0m Key pressed: Enter
[2m2025-02-28T00:36:56.945510Z[0m [34mDEBUG[0m [2matac::tui::events[0m[2m:[0m Key pressed: Backspace
[2m2025-02-28T00:36:57.445278Z[0m [34mDEBUG[0m [2matac::tui::events[0m[2m:[0m Key pressed: Backspace
[2m2025-02-28T00:36:57.480012Z[0m [34mDEBUG[0m [2matac::tui::events[0m[2m:[0m Key pressed: Backspace
[2m2025-02-28T00:36:57.511073Z[0m [34mDEBUG[0m [2matac::tui::events[0m[2m:[0m Key pressed: Backspace
[2m2025-02-28T00:36:57.544689Z[0m [34mDEBUG[0m [2matac::tui::events[0m[2m:[0m Key pressed: Backspace
[2m2025-02-28T00:36:57.576965Z[0m [34mDEBUG[0m [2matac::tui::events[0m[2m:[0m Key pressed: Backspace
[2m2025-02-28T00:36:57.610521Z[0m [34mDEBUG[0m [2matac::tui::events[0m[2m:[0m Key pressed: Backspace
[2m2025-02-28T00:36:57.643502Z[0m [34mDEBUG[0m [2matac::tui::events[0m[2m:[0m Key pressed: Backspace
[2m2025-02-28T00:36:57.676006Z[0m [34mDEBUG[0m [2matac::tui::events[0m[2m:[0m Key pressed: Backspace
[2m2025-02-28T00:36:57.710760Z[0m [34mDEBUG[0m [2matac::tui::events[0m[2m:[0m Key pressed: Backspace
[2m2025-02-28T00:36:57.887391Z[0m [34mDEBUG[0m [2matac::tui::events[0m[2m:[0m Key pressed: Backspace
[2m2025-02-28T00:36:58.087909Z[0m [34mDEBUG[0m [2matac::tui::events[0m[2m:[0m Key pressed: Backspace
[2m2025-02-28T00:36:59.394556Z[0m [34mDEBUG[0m [2matac::tui::events[0m[2m:[0m Key pressed: Shift-p
[2m2025-02-28T00:36:59.550923Z[0m [34mDEBUG[0m [2matac::tui::events[0m[2m:[0m Key pressed: l
[2m2025-02-28T00:36:59.647113Z[0m [34mDEBUG[0m [2matac::tui::events[0m[2m:[0m Key pressed: a
[2m2025-02-28T00:36:59.824767Z[0m [34mDEBUG[0m [2matac::tui::events[0m[2m:[0m Key pressed: t
[2m2025-02-28T00:37:00.002971Z[0m [34mDEBUG[0m [2matac::tui::events[0m[2m:[0m Key pressed: f
[2m2025-02-28T00:37:00.078627Z[0m [34mDEBUG[0m [2matac::tui::events[0m[2m:[0m Key pressed: o
[2m2025-02-28T00:37:00.235940Z[0m [34mDEBUG[0m [2matac::tui::events[0m[2m:[0m Key pressed: r
[2m2025-02-28T00:37:00.309534Z[0m [34mDEBUG[0m [2matac::tui::events[0m[2m:[0m Key pressed: m
[2m2025-02-28T00:37:00.817694Z[0m [34mDEBUG[0m [2matac::tui::events[0m[2m:[0m Key pressed: Shift-i
[2m2025-02-28T00:37:01.131972Z[0m [34mDEBUG[0m [2matac::tui::events[0m[2m:[0m Key pressed: d
[2m2025-02-28T00:37:02.133848Z[0m [34mDEBUG[0m [2matac::tui::events[0m[2m:[0m Key pressed: Backspace
[2m2025-02-28T00:37:02.299444Z[0m [34mDEBUG[0m [2matac::tui::events[0m[2m:[0m Key pressed: Backspace
[2m2025-02-28T00:37:02.738893Z[0m [34mDEBUG[0m [2matac::tui::events[0m[2m:[0m Key pressed: Shift-b
[2m2025-02-28T00:37:02.952917Z[0m [34mDEBUG[0m [2matac::tui::events[0m[2m:[0m Key pressed: y
[2m2025-02-28T00:37:03.404343Z[0m [34mDEBUG[0m [2matac::tui::events[0m[2m:[0m Key pressed: Shift-i
[2m2025-02-28T00:37:03.561129Z[0m [34mDEBUG[0m [2matac::tui::events[0m[2m:[0m Key pressed: d
[2m2025-02-28T00:37:04.089951Z[0m [32m INFO[0m [2matac::app::business_logic::collection[0m[2m:[0m Request "getPlatformById" created in collection "dotnet-run"
[2m2025-02-28T00:37:04.089982Z[0m [32m INFO[0m [2matac::app::files::collection[0m[2m:[0m Saving collection "dotnet-run"
[2m2025-02-28T00:37:04.090147Z[0m [34mDEBUG[0m [2matac::tui::events[0m[2m:[0m Key pressed: Enter
[2m2025-02-28T00:37:05.189444Z[0m [34mDEBUG[0m [2matac::tui::events[0m[2m:[0m Key pressed: Down
[2m2025-02-28T00:37:05.424531Z[0m [34mDEBUG[0m [2matac::tui::events[0m[2m:[0m Key pressed: Down
[2m2025-02-28T00:37:05.615792Z[0m [34mDEBUG[0m [2matac::tui::events[0m[2m:[0m Key pressed: Down
[2m2025-02-28T00:37:05.971068Z[0m [34mDEBUG[0m [2matac::tui::events[0m[2m:[0m Key pressed: Enter
[2m2025-02-28T00:37:07.404308Z[0m [34mDEBUG[0m [2matac::tui::events[0m[2m:[0m Key pressed: u
[2m2025-02-28T00:37:09.406713Z[0m [34mDEBUG[0m [2matac::tui::events[0m[2m:[0m Key pressed: h
[2m2025-02-28T00:37:09.546913Z[0m [34mDEBUG[0m [2matac::tui::events[0m[2m:[0m Key pressed: t
[2m2025-02-28T00:37:09.687120Z[0m [34mDEBUG[0m [2matac::tui::events[0m[2m:[0m Key pressed: t
[2m2025-02-28T00:37:09.821692Z[0m [34mDEBUG[0m [2matac::tui::events[0m[2m:[0m Key pressed: p
[2m2025-02-28T00:37:10.322175Z[0m [34mDEBUG[0m [2matac::tui::events[0m[2m:[0m Key pressed: :
[2m2025-02-28T00:37:11.604105Z[0m [34mDEBUG[0m [2matac::tui::events[0m[2m:[0m Key pressed: /
[2m2025-02-28T00:37:11.746520Z[0m [34mDEBUG[0m [2matac::tui::events[0m[2m:[0m Key pressed: /
[2m2025-02-28T00:37:11.979548Z[0m [34mDEBUG[0m [2matac::tui::events[0m[2m:[0m Key pressed: l
[2m2025-02-28T00:37:12.147814Z[0m [34mDEBUG[0m [2matac::tui::events[0m[2m:[0m Key pressed: o
[2m2025-02-28T00:37:12.234539Z[0m [34mDEBUG[0m [2matac::tui::events[0m[2m:[0m Key pressed: c
[2m2025-02-28T00:37:12.381997Z[0m [34mDEBUG[0m [2matac::tui::events[0m[2m:[0m Key pressed: a
[2m2025-02-28T00:37:12.500233Z[0m [34mDEBUG[0m [2matac::tui::events[0m[2m:[0m Key pressed: h
[2m2025-02-28T00:37:12.963962Z[0m [34mDEBUG[0m [2matac::tui::events[0m[2m:[0m Key pressed: Backspace
[2m2025-02-28T00:37:13.228510Z[0m [34mDEBUG[0m [2matac::tui::events[0m[2m:[0m Key pressed: l
[2m2025-02-28T00:37:13.949301Z[0m [34mDEBUG[0m [2matac::tui::events[0m[2m:[0m Key pressed: h
[2m2025-02-28T00:37:14.091643Z[0m [34mDEBUG[0m [2matac::tui::events[0m[2m:[0m Key pressed: o
[2m2025-02-28T00:37:14.126632Z[0m [34mDEBUG[0m [2matac::tui::events[0m[2m:[0m Key pressed: s
[2m2025-02-28T00:37:14.308067Z[0m [34mDEBUG[0m [2matac::tui::events[0m[2m:[0m Key pressed: t
[2m2025-02-28T00:37:14.731179Z[0m [34mDEBUG[0m [2matac::tui::events[0m[2m:[0m Key pressed: :
[2m2025-02-28T00:37:15.229378Z[0m [34mDEBUG[0m [2matac::tui::events[0m[2m:[0m Key pressed: 5
[2m2025-02-28T00:37:15.311167Z[0m [34mDEBUG[0m [2matac::tui::events[0m[2m:[0m Key pressed: 0
[2m2025-02-28T00:37:15.542551Z[0m [34mDEBUG[0m [2matac::tui::events[0m[2m:[0m Key pressed: 4
[2m2025-02-28T00:37:15.717342Z[0m [34mDEBUG[0m [2matac::tui::events[0m[2m:[0m Key pressed: 4
[2m2025-02-28T00:37:15.994688Z[0m [34mDEBUG[0m [2matac::tui::events[0m[2m:[0m Key pressed: /
[2m2025-02-28T00:37:16.263018Z[0m [34mDEBUG[0m [2matac::tui::events[0m[2m:[0m Key pressed: a
[2m2025-02-28T00:37:16.342117Z[0m [34mDEBUG[0m [2matac::tui::events[0m[2m:[0m Key pressed: p
[2m2025-02-28T00:37:16.501809Z[0m [34mDEBUG[0m [2matac::tui::events[0m[2m:[0m Key pressed: i
[2m2025-02-28T00:37:16.939283Z[0m [34mDEBUG[0m [2matac::tui::events[0m[2m:[0m Key pressed: /
[2m2025-02-28T00:37:17.261295Z[0m [34mDEBUG[0m [2matac::tui::events[0m[2m:[0m Key pressed: p
[2m2025-02-28T00:37:17.429848Z[0m [34mDEBUG[0m [2matac::tui::events[0m[2m:[0m Key pressed: l
[2m2025-02-28T00:37:17.524624Z[0m [34mDEBUG[0m [2matac::tui::events[0m[2m:[0m Key pressed: a
[2m2025-02-28T00:37:17.788450Z[0m [34mDEBUG[0m [2matac::tui::events[0m[2m:[0m Key pressed: t
[2m2025-02-28T00:37:17.966116Z[0m [34mDEBUG[0m [2matac::tui::events[0m[2m:[0m Key pressed: o
[2m2025-02-28T00:37:18.077548Z[0m [34mDEBUG[0m [2matac::tui::events[0m[2m:[0m Key pressed: f
[2m2025-02-28T00:37:18.255561Z[0m [34mDEBUG[0m [2matac::tui::events[0m[2m:[0m Key pressed: m
[2m2025-02-28T00:37:18.361434Z[0m [34mDEBUG[0m [2matac::tui::events[0m[2m:[0m Key pressed: r
[2m2025-02-28T00:37:18.629909Z[0m [34mDEBUG[0m [2matac::tui::events[0m[2m:[0m Key pressed: s
[2m2025-02-28T00:37:18.905930Z[0m [34mDEBUG[0m [2matac::tui::events[0m[2m:[0m Key pressed: Backspace
[2m2025-02-28T00:37:19.052056Z[0m [34mDEBUG[0m [2matac::tui::events[0m[2m:[0m Key pressed: Backspace
[2m2025-02-28T00:37:19.185152Z[0m [34mDEBUG[0m [2matac::tui::events[0m[2m:[0m Key pressed: Backspace
[2m2025-02-28T00:37:19.414681Z[0m [34mDEBUG[0m [2matac::tui::events[0m[2m:[0m Key pressed: o
[2m2025-02-28T00:37:19.535679Z[0m [34mDEBUG[0m [2matac::tui::events[0m[2m:[0m Key pressed: r
[2m2025-02-28T00:37:19.626092Z[0m [34mDEBUG[0m [2matac::tui::events[0m[2m:[0m Key pressed: m
[2m2025-02-28T00:37:19.784065Z[0m [34mDEBUG[0m [2matac::tui::events[0m[2m:[0m Key pressed: s
[2m2025-02-28T00:37:19.990706Z[0m [34mDEBUG[0m [2matac::tui::events[0m[2m:[0m Key pressed: /
[2m2025-02-28T00:37:20.379838Z[0m [34mDEBUG[0m [2matac::tui::events[0m[2m:[0m Key pressed: 1
[2m2025-02-28T00:37:21.739108Z[0m [34mDEBUG[0m [2matac::tui::events[0m[2m:[0m Key pressed: Ctrl-s
[2m2025-02-28T00:37:22.392909Z[0m [34mDEBUG[0m [2matac::tui::events[0m[2m:[0m Key pressed: Backspace
[2m2025-02-28T00:37:23.205787Z[0m [34mDEBUG[0m [2matac::tui::events[0m[2m:[0m Key pressed: Backspace
[2m2025-02-28T00:37:23.426005Z[0m [34mDEBUG[0m [2matac::tui::events[0m[2m:[0m Key pressed: 2
[2m2025-02-28T00:37:28.436982Z[0m [32m INFO[0m [2matac::app::business_logic::request::url[0m[2m:[0m URL set to "http://localhost:5044/api/platoforms/2"
[2m2025-02-28T00:37:28.437020Z[0m [32m INFO[0m [2matac::app::files::collection[0m[2m:[0m Saving collection "dotnet-run"
[2m2025-02-28T00:37:28.437215Z[0m [34mDEBUG[0m [2matac::tui::events[0m[2m:[0m Key pressed: Enter
[2m2025-02-28T00:37:46.899933Z[0m [34mDEBUG[0m [2matac::tui::events[0m[2m:[0m Key pressed: Up
[2m2025-02-28T00:37:47.367999Z[0m [34mDEBUG[0m [2matac::tui::events[0m[2m:[0m Key pressed: Up
[2m2025-02-28T00:37:49.077861Z[0m [34mDEBUG[0m [2matac::tui::events[0m[2m:[0m Key pressed: Esc
[2m2025-02-28T00:37:49.562379Z[0m [34mDEBUG[0m [2matac::tui::events[0m[2m:[0m Key pressed: Up
[2m2025-02-28T00:37:50.027355Z[0m [34mDEBUG[0m [2matac::tui::events[0m[2m:[0m Key pressed: Up
[2m2025-02-28T00:37:50.412546Z[0m [34mDEBUG[0m [2matac::tui::events[0m[2m:[0m Key pressed: Down
[2m2025-02-28T00:37:50.620321Z[0m [34mDEBUG[0m [2matac::tui::events[0m[2m:[0m Key pressed: Up
[2m2025-02-28T00:37:50.780233Z[0m [34mDEBUG[0m [2matac::tui::events[0m[2m:[0m Key pressed: Up
[2m2025-02-28T00:37:51.739640Z[0m [34mDEBUG[0m [2matac::tui::events[0m[2m:[0m Key pressed: r
[2m2025-02-28T00:37:53.861131Z[0m [34mDEBUG[0m [2matac::tui::events[0m[2m:[0m Key pressed: Backspace
[2m2025-02-28T00:37:54.361054Z[0m [34mDEBUG[0m [2matac::tui::events[0m[2m:[0m Key pressed: Backspace
[2m2025-02-28T00:37:54.399399Z[0m [34mDEBUG[0m [2matac::tui::events[0m[2m:[0m Key pressed: Backspace
[2m2025-02-28T00:37:54.428723Z[0m [34mDEBUG[0m [2matac::tui::events[0m[2m:[0m Key pressed: Backspace
[2m2025-02-28T00:37:54.460929Z[0m [34mDEBUG[0m [2matac::tui::events[0m[2m:[0m Key pressed: Backspace
[2m2025-02-28T00:37:54.493672Z[0m [34mDEBUG[0m [2matac::tui::events[0m[2m:[0m Key pressed: Backspace
[2m2025-02-28T00:37:54.526109Z[0m [34mDEBUG[0m [2matac::tui::events[0m[2m:[0m Key pressed: Backspace
[2m2025-02-28T00:37:54.558945Z[0m [34mDEBUG[0m [2matac::tui::events[0m[2m:[0m Key pressed: Backspace
[2m2025-02-28T00:37:54.592352Z[0m [34mDEBUG[0m [2matac::tui::events[0m[2m:[0m Key pressed: Backspace
[2m2025-02-28T00:37:54.625138Z[0m [34mDEBUG[0m [2matac::tui::events[0m[2m:[0m Key pressed: Backspace
[2m2025-02-28T00:37:54.658459Z[0m [34mDEBUG[0m [2matac::tui::events[0m[2m:[0m Key pressed: Backspace
[2m2025-02-28T00:37:55.988898Z[0m [34mDEBUG[0m [2matac::tui::events[0m[2m:[0m Key pressed: d
[2m2025-02-28T00:37:56.103933Z[0m [34mDEBUG[0m [2matac::tui::events[0m[2m:[0m Key pressed: o
[2m2025-02-28T00:37:56.251980Z[0m [34mDEBUG[0m [2matac::tui::events[0m[2m:[0m Key pressed: t
[2m2025-02-28T00:37:56.455008Z[0m [34mDEBUG[0m [2matac::tui::events[0m[2m:[0m Key pressed: n
[2m2025-02-28T00:37:56.573036Z[0m [34mDEBUG[0m [2matac::tui::events[0m[2m:[0m Key pressed: e
[2m2025-02-28T00:37:56.782918Z[0m [34mDEBUG[0m [2matac::tui::events[0m[2m:[0m Key pressed: t
[2m2025-02-28T00:37:57.393930Z[0m [34mDEBUG[0m [2matac::tui::events[0m[2m:[0m Key pressed: Hyphen
[2m2025-02-28T00:37:57.804809Z[0m [34mDEBUG[0m [2matac::tui::events[0m[2m:[0m Key pressed: r
[2m2025-02-28T00:37:57.894046Z[0m [34mDEBUG[0m [2matac::tui::events[0m[2m:[0m Key pressed: u
[2m2025-02-28T00:37:58.142114Z[0m [34mDEBUG[0m [2matac::tui::events[0m[2m:[0m Key pressed: n
[2m2025-02-28T00:37:59.369772Z[0m [34mDEBUG[0m [2matac::tui::events[0m[2m:[0m Key pressed: _
[2m2025-02-28T00:38:00.638463Z[0m [34mDEBUG[0m [2matac::tui::events[0m[2m:[0m Key pressed: p
[2m2025-02-28T00:38:00.790117Z[0m [34mDEBUG[0m [2matac::tui::events[0m[2m:[0m Key pressed: l
[2m2025-02-28T00:38:00.863660Z[0m [34mDEBUG[0m [2matac::tui::events[0m[2m:[0m Key pressed: a
[2m2025-02-28T00:38:01.041739Z[0m [34mDEBUG[0m [2matac::tui::events[0m[2m:[0m Key pressed: t
[2m2025-02-28T00:38:01.230168Z[0m [34mDEBUG[0m [2matac::tui::events[0m[2m:[0m Key pressed: f
[2m2025-02-28T00:38:01.329715Z[0m [34mDEBUG[0m [2matac::tui::events[0m[2m:[0m Key pressed: o
[2m2025-02-28T00:38:01.482275Z[0m [34mDEBUG[0m [2matac::tui::events[0m[2m:[0m Key pressed: r
[2m2025-02-28T00:38:01.562924Z[0m [34mDEBUG[0m [2matac::tui::events[0m[2m:[0m Key pressed: m
[2m2025-02-28T00:38:01.794962Z[0m [34mDEBUG[0m [2matac::tui::events[0m[2m:[0m Key pressed: s
[2m2025-02-28T00:38:02.397264Z[0m [34mDEBUG[0m [2matac::tui::events[0m[2m:[0m Key pressed: Shift-s
[2m2025-02-28T00:38:02.730874Z[0m [34mDEBUG[0m [2matac::tui::events[0m[2m:[0m Key pressed: e
[2m2025-02-28T00:38:02.827028Z[0m [34mDEBUG[0m [2matac::tui::events[0m[2m:[0m Key pressed: r
[2m2025-02-28T00:38:03.086735Z[0m [34mDEBUG[0m [2matac::tui::events[0m[2m:[0m Key pressed: v
[2m2025-02-28T00:38:03.206031Z[0m [34mDEBUG[0m [2matac::tui::events[0m[2m:[0m Key pressed: i
[2m2025-02-28T00:38:03.331798Z[0m [34mDEBUG[0m [2matac::tui::events[0m[2m:[0m Key pressed: c
[2m2025-02-28T00:38:03.429544Z[0m [34mDEBUG[0m [2matac::tui::events[0m[2m:[0m Key pressed: e
[2m2025-02-28T00:38:03.737937Z[0m [32m INFO[0m [2matac::app::business_logic::collection[0m[2m:[0m Collection renamed to "dotnet-run_platformsService"
[2m2025-02-28T00:38:03.737965Z[0m [32m INFO[0m [2matac::app::files::collection[0m[2m:[0m Saving collection "dotnet-run_platformsService"
[2m2025-02-28T00:38:03.738132Z[0m [34mDEBUG[0m [2matac::tui::events[0m[2m:[0m Key pressed: Enter
[2m2025-02-28T00:38:07.782972Z[0m [34mDEBUG[0m [2matac::tui::events[0m[2m:[0m Key pressed: Down
[2m2025-02-28T00:38:08.119647Z[0m [34mDEBUG[0m [2matac::tui::events[0m[2m:[0m Key pressed: Up
[2m2025-02-28T00:38:09.077452Z[0m [34mDEBUG[0m [2matac::tui::events[0m[2m:[0m Key pressed: Down
[2m2025-02-28T00:38:09.366762Z[0m [34mDEBUG[0m [2matac::tui::events[0m[2m:[0m Key pressed: Up
[2m2025-02-28T00:38:13.092570Z[0m [34mDEBUG[0m [2matac::tui::events[0m[2m:[0m Key pressed: Down
[2m2025-02-28T00:38:13.306881Z[0m [34mDEBUG[0m [2matac::tui::events[0m[2m:[0m Key pressed: Down
[2m2025-02-28T00:38:13.534565Z[0m [34mDEBUG[0m [2matac::tui::events[0m[2m:[0m Key pressed: Down
[2m2025-02-28T00:38:13.893840Z[0m [34mDEBUG[0m [2matac::tui::events[0m[2m:[0m Key pressed: Up
[2m2025-02-28T00:38:14.083773Z[0m [34mDEBUG[0m [2matac::tui::events[0m[2m:[0m Key pressed: Up
[2m2025-02-28T00:38:14.251644Z[0m [34mDEBUG[0m [2matac::tui::events[0m[2m:[0m Key pressed: Up
[2m2025-02-28T00:38:14.867224Z[0m [34mDEBUG[0m [2matac::tui::events[0m[2m:[0m Key pressed: Enter
[2m2025-02-28T00:38:15.425640Z[0m [34mDEBUG[0m [2matac::tui::events[0m[2m:[0m Key pressed: Down
[2m2025-02-28T00:38:15.625401Z[0m [34mDEBUG[0m [2matac::tui::events[0m[2m:[0m Key pressed: Down
[2m2025-02-28T00:38:15.864478Z[0m [34mDEBUG[0m [2matac::tui::events[0m[2m:[0m Key pressed: Up
[2m2025-02-28T00:38:16.255809Z[0m [34mDEBUG[0m [2matac::tui::events[0m[2m:[0m Key pressed: Enter
[2m2025-02-28T00:38:16.683455Z[0m [34mDEBUG[0m [2matac::tui::events[0m[2m:[0m Key pressed: Enter
[2m2025-02-28T00:38:16.851366Z[0m [34mDEBUG[0m [2matac::tui::events[0m[2m:[0m Key pressed: Enter
[2m2025-02-28T00:38:17.211395Z[0m [34mDEBUG[0m [2matac::tui::events[0m[2m:[0m Key pressed: Enter
[2m2025-02-28T00:38:17.368371Z[0m [34mDEBUG[0m [2matac::tui::events[0m[2m:[0m Key pressed: Enter
[2m2025-02-28T00:38:17.541987Z[0m [34mDEBUG[0m [2matac::tui::events[0m[2m:[0m Key pressed: Enter
[2m2025-02-28T00:38:17.715264Z[0m [34mDEBUG[0m [2matac::tui::events[0m[2m:[0m Key pressed: Enter
[2m2025-02-28T00:38:17.856765Z[0m [34mDEBUG[0m [2matac::tui::events[0m[2m:[0m Key pressed: Enter
[2m2025-02-28T00:38:18.235810Z[0m [34mDEBUG[0m [2matac::tui::events[0m[2m:[0m Key pressed: Enter
[2m2025-02-28T00:38:18.414903Z[0m [34mDEBUG[0m [2matac::tui::events[0m[2m:[0m Key pressed: Enter
[2m2025-02-28T00:38:18.597946Z[0m [34mDEBUG[0m [2matac::tui::events[0m[2m:[0m Key pressed: Enter
[2m2025-02-28T00:38:18.876563Z[0m [34mDEBUG[0m [2matac::tui::events[0m[2m:[0m Key pressed: Enter
[2m2025-02-28T00:38:19.127301Z[0m [34mDEBUG[0m [2matac::tui::events[0m[2m:[0m Key pressed: Enter
